<?xml version="1.0" encoding="UTF-8"?>
<!-- Generated by org.testng.reporters.JUnitXMLReporter -->
<testsuite ignored="0" hostname="USER-no-MacBook-Pro.local" failures="0" tests="4" name="Test" time="0.093" errors="0" timestamp="2019-10-09T22:41:26 JST">
  <testcase classname="calculatorTestNG.calculatorTest" name="Add" time="0.013"/>
  <testcase classname="calculatorTestNG.calculatorTest" name="subtract" time="0.002"/>
  <testcase classname="calculatorTestNG.calculatorTest" name="divide" time="0.002"/>
  <testcase classname="calculatorTestNG.calculatorTest" name="multiply" time="0.018"/>
</testsuite> <!-- Test -->
