<?xml version="1.0" encoding="UTF-8"?>
<!-- Generated by org.testng.reporters.JUnitXMLReporter -->
<testsuite ignored="0" hostname="USER-no-MacBook-Pro.local" failures="0" tests="16" name="Test" time="0.199" errors="0" timestamp="2019-10-10T11:36:20 JST">
  <testcase classname="calculatorTestNG.calculatorTest" name="Add" time="0.014"/>
  <testcase classname="calculatorTestNG.calculatorTest" name="subtract" time="0.003"/>
  <testcase classname="calculatorTestNG.calculatorTest" name="divide" time="0.003"/>
  <testcase classname="calculatorTestNG.calculatorTest" name="multiply" time="0.003"/>
  <testcase classname="calculatorTestNG.calculatorTest2" name="Add1" time="0.001"/>
  <testcase classname="calculatorTestNG.calculatorTest2" name="Add1" time="0.002"/>
  <testcase classname="calculatorTestNG.calculatorTest2" name="Add1" time="0.003"/>
  <testcase classname="calculatorTestNG.calculatorTest2" name="subtract1" time="0.004"/>
  <testcase classname="calculatorTestNG.calculatorTest2" name="subtract1" time="0.003"/>
  <testcase classname="calculatorTestNG.calculatorTest2" name="subtract1" time="0.002"/>
  <testcase classname="calculatorTestNG.calculatorTest2" name="divide2" time="0.003"/>
  <testcase classname="calculatorTestNG.calculatorTest2" name="divide2" time="0.002"/>
  <testcase classname="calculatorTestNG.calculatorTest2" name="divide2" time="0.005"/>
  <testcase classname="calculatorTestNG.calculatorTest2" name="multiply3" time="0.001"/>
  <testcase classname="calculatorTestNG.calculatorTest2" name="multiply3" time="0.002"/>
  <testcase classname="calculatorTestNG.calculatorTest2" name="multiply3" time="0.002"/>
</testsuite> <!-- Test -->
